<?xml version="1.0" encoding="UTF-8"?>
<!-- Generated by org.testng.reporters.JUnitReportReporter -->
<testsuite hostname="LT-BLIOTTA" failures="0" tests="1" name="com.qa.SeleniumSessions.FlipCartSvgElements" time="4.719" errors="0" timestamp="06 May 2020 20:48:28 GMT" skipped="0">
  <testcase classname="com.qa.SeleniumSessions.FlipCartSvgElements" name="svgImageHanling" time="4.719"/>
</testsuite> <!-- com.qa.SeleniumSessions.FlipCartSvgElements -->
