<?xml version="1.0" encoding="UTF-8"?>
<!-- Generated by org.testng.reporters.JUnitReportReporter -->
<testsuite hostname="LT-BLIOTTA" failures="0" tests="1" name="com.qa.SeleniumSessions.HeadLessBrowser" time="2.451" errors="0" timestamp="11 May 2020 15:01:07 GMT" skipped="0">
  <testcase classname="com.qa.SeleniumSessions.HeadLessBrowser" name="bootStrapDDTest" time="2.451"/>
</testsuite> <!-- com.qa.SeleniumSessions.HeadLessBrowser -->
