<?xml version="1.0" encoding="UTF-8"?>
<!-- Generated by org.testng.reporters.JUnitReportReporter -->
<testsuite hostname="LT-BLIOTTA" failures="0" tests="1" name="com.qa.SeleniumSessions.WindowHandles" time="19.740" errors="0" timestamp="20 Apr 2020 19:07:05 GMT" skipped="0">
  <testcase classname="com.qa.SeleniumSessions.WindowHandles" name="windowHandles" time="19.740"/>
</testsuite> <!-- com.qa.SeleniumSessions.WindowHandles -->
