<?xml version="1.0" encoding="UTF-8"?>
<!-- Generated by org.testng.reporters.JUnitReportReporter -->
<testsuite hostname="LT-BLIOTTA" failures="0" tests="1" name="com.qa.SeleniumSessions.FindElements" time="14.708" errors="0" timestamp="16 Apr 2020 19:17:21 GMT" skipped="0">
  <testcase classname="com.qa.SeleniumSessions.FindElements" name="getText" time="14.708"/>
</testsuite> <!-- com.qa.SeleniumSessions.FindElements -->
