<?xml version="1.0" encoding="UTF-8"?>
<!-- Generated by org.testng.reporters.JUnitReportReporter -->
<testsuite hostname="LT-BLIOTTA" failures="0" tests="4" name="com.qa.tests.SampleTest2" time="0.003" errors="0" timestamp="2020-04-06T17:10:33 EDT" skipped="0">
  <testcase classname="com.qa.tests.SampleTest2" name="sub" time="0.001"/>
  <testcase classname="com.qa.tests.SampleTest2" name="sum" time="0.000"/>
  <testcase classname="com.qa.tests.SampleTest2" name="mul" time="0.001"/>
  <testcase classname="com.qa.tests.SampleTest2" name="div" time="0.001"/>
</testsuite> <!-- com.qa.tests.SampleTest2 -->
