<?xml version="1.0" encoding="UTF-8"?>
<!-- Generated by org.testng.reporters.JUnitReportReporter -->
<testsuite hostname="LT-BLIOTTA" failures="0" tests="1" name="com.qa.SeleniumSessions.MouseOver" time="8.140" errors="0" timestamp="16 Apr 2020 15:35:54 GMT" skipped="0">
  <testcase classname="com.qa.SeleniumSessions.MouseOver" name="iframes" time="8.140"/>
</testsuite> <!-- com.qa.SeleniumSessions.MouseOver -->
