<?xml version="1.0" encoding="UTF-8"?>
<!-- Generated by org.testng.reporters.JUnitReportReporter -->
<testsuite hostname="LT-BLIOTTA" failures="0" tests="1" name="com.qa.SeleniumSessions.SvgImageHandling" time="34.911" errors="0" timestamp="06 May 2020 20:50:12 GMT" skipped="0">
  <testcase classname="com.qa.SeleniumSessions.SvgImageHandling" name="svgImageHanling" time="34.911"/>
</testsuite> <!-- com.qa.SeleniumSessions.SvgImageHandling -->
