<?xml version="1.0" encoding="UTF-8"?>
<!-- Generated by org.testng.reporters.JUnitReportReporter -->
<testsuite hostname="LT-BLIOTTA" failures="0" tests="2" name="com.qa.SeleniumSessions.SelectAlertsUpload" time="4.010" errors="0" timestamp="22 Apr 2020 13:07:03 GMT" skipped="0">
  <testcase classname="com.qa.SeleniumSessions.SelectAlertsUpload" name="creatingAccount" time="3.696"/>
  <testcase classname="com.qa.SeleniumSessions.SelectAlertsUpload" name="alertMethod" time="0.314"/>
</testsuite> <!-- com.qa.SeleniumSessions.SelectAlertsUpload -->
