<?xml version="1.0" encoding="UTF-8"?>
<!-- Generated by org.testng.reporters.JUnitReportReporter -->
<testsuite hostname="LT-BLIOTTA" failures="0" tests="1" name="com.qa.SeleniumSessions.Navigate" time="3.316" errors="0" timestamp="16 Apr 2020 19:43:07 GMT" skipped="0">
  <testcase classname="com.qa.SeleniumSessions.Navigate" name="getText" time="3.316"/>
</testsuite> <!-- com.qa.SeleniumSessions.Navigate -->
