<?xml version="1.0" encoding="UTF-8"?>
<!-- Generated by org.testng.reporters.JUnitReportReporter -->
<testsuite hostname="LT-BLIOTTA" failures="0" tests="1" name="com.qa.SeleniumSessions.Iframes" time="7.974" errors="0" timestamp="16 Apr 2020 12:09:30 GMT" skipped="0">
  <testcase classname="com.qa.SeleniumSessions.Iframes" name="alertMethod" time="7.974"/>
</testsuite> <!-- com.qa.SeleniumSessions.Iframes -->
