<?xml version="1.0" encoding="UTF-8"?>
<!-- Generated by org.testng.reporters.JUnitReportReporter -->
<testsuite hostname="LT-BLIOTTA" failures="0" tests="2" name="com.qa.SeleniumSessions.Alerts" time="5.016" errors="0" timestamp="15 Apr 2020 15:06:16 GMT" skipped="0">
  <testcase classname="com.qa.SeleniumSessions.Alerts" name="alertMethod" time="0.120"/>
  <testcase classname="com.qa.SeleniumSessions.Alerts" name="creatingAccount" time="4.896"/>
</testsuite> <!-- com.qa.SeleniumSessions.Alerts -->
