<?xml version="1.0" encoding="UTF-8"?>
<!-- Generated by org.testng.reporters.JUnitReportReporter -->
<testsuite hostname="LT-BLIOTTA" failures="0" tests="3" name="com.qa.SeleniumSessions.ParamentersConcept" time="6.993" errors="0" timestamp="12 May 2020 16:42:06 GMT" skipped="0">
  <testcase classname="com.qa.SeleniumSessions.ParamentersConcept" name="validateHelpPage" time="0.004"/>
  <testcase classname="com.qa.SeleniumSessions.ParamentersConcept" name="validateSellPage" time="0.002"/>
  <testcase classname="com.qa.SeleniumSessions.ParamentersConcept" name="signIn" time="6.987"/>
</testsuite> <!-- com.qa.SeleniumSessions.ParamentersConcept -->
