<?xml version="1.0" encoding="UTF-8"?>
<!-- Generated by org.testng.reporters.JUnitReportReporter -->
<testsuite hostname="LT-BLIOTTA" failures="0" tests="5" name="com.qa.SeleniumSessions.TestNGParallelTestingConcept" time="37.010" errors="0" timestamp="19 May 2020 18:59:21 GMT" skipped="0">
  <testcase classname="com.qa.SeleniumSessions.TestNGParallelTestingConcept" name="openChromeBrowser" time="7.732"/>
  <testcase classname="com.qa.SeleniumSessions.TestNGParallelTestingConcept" name="openFacebook" time="7.434"/>
  <testcase classname="com.qa.SeleniumSessions.TestNGParallelTestingConcept" name="openChromeBrowser" time="7.433"/>
  <testcase classname="com.qa.SeleniumSessions.TestNGParallelTestingConcept" name="openSeleniumBrowser" time="6.747"/>
  <testcase classname="com.qa.SeleniumSessions.TestNGParallelTestingConcept" name="openChromeBrowser" time="7.664"/>
</testsuite> <!-- com.qa.SeleniumSessions.TestNGParallelTestingConcept -->
