<?xml version="1.0" encoding="UTF-8"?>
<!-- Generated by org.testng.reporters.JUnitReportReporter -->
<testsuite hostname="LT-BLIOTTA" failures="0" tests="1" name="com.qa.SeleniumSessions.BasicTestNGConcepts" time="0.009" errors="0" timestamp="08 May 2020 14:08:01 GMT" skipped="0">
  <testcase classname="com.qa.SeleniumSessions.BasicTestNGConcepts" name="getTitle" time="0.009"/>
</testsuite> <!-- com.qa.SeleniumSessions.BasicTestNGConcepts -->
