<?xml version="1.0" encoding="UTF-8"?>
<!-- Generated by org.testng.reporters.JUnitReportReporter -->
<testsuite hostname="LT-BLIOTTA" failures="0" tests="1" name="com.qa.SeleniumSessions.GoogleSearchTest" time="3.434" errors="0" timestamp="27 Apr 2020 15:43:45 GMT" skipped="0">
  <testcase classname="com.qa.SeleniumSessions.GoogleSearchTest" name="googleSearch" time="3.434"/>
</testsuite> <!-- com.qa.SeleniumSessions.GoogleSearchTest -->
