<?xml version="1.0" encoding="UTF-8"?>
<!-- Generated by org.testng.reporters.JUnitReportReporter -->
<testsuite hostname="LT-BLIOTTA" failures="0" tests="1" name="com.qa.SeleniumSessions.DynamicWebTables" time="0.370" errors="0" timestamp="27 Apr 2020 13:57:05 GMT" skipped="0">
  <testcase classname="com.qa.SeleniumSessions.DynamicWebTables" name="webTables" time="0.370"/>
</testsuite> <!-- com.qa.SeleniumSessions.DynamicWebTables -->
