<?xml version="1.0" encoding="UTF-8"?>
<!-- Generated by org.testng.reporters.JUnitReportReporter -->
<testsuite hostname="LT-BLIOTTA" failures="0" tests="2" name="com.qa.SeleniumSessions.MouseOverDragDrop" time="9.466" errors="0" timestamp="16 Apr 2020 16:07:05 GMT" skipped="0">
  <testcase classname="com.qa.SeleniumSessions.MouseOverDragDrop" name="iframes" time="6.608"/>
  <testcase classname="com.qa.SeleniumSessions.MouseOverDragDrop" name="Dragdrop" time="2.858"/>
</testsuite> <!-- com.qa.SeleniumSessions.MouseOverDragDrop -->
