<?xml version="1.0" encoding="UTF-8"?>
<!-- Generated by org.testng.reporters.JUnitReportReporter -->
<testsuite hostname="LT-BLIOTTA" failures="0" tests="1" name="com.qa.SeleniumSessions.JavaScriptExecutorConcepts" time="5.086" errors="0" timestamp="22 Apr 2020 14:36:38 GMT" skipped="0">
  <testcase classname="com.qa.SeleniumSessions.JavaScriptExecutorConcepts" name="loginPage" time="5.086"/>
</testsuite> <!-- com.qa.SeleniumSessions.JavaScriptExecutorConcepts -->
