<?xml version="1.0" encoding="UTF-8"?>
<!-- Generated by org.testng.reporters.JUnitReportReporter -->
<testsuite hostname="LT-BLIOTTA" failures="0" tests="2" name="com.qa.SeleniumSessions.WebDriverSessions" time="25.418" errors="0" timestamp="2020-04-09T11:02:24 EDT" skipped="0">
  <testcase classname="com.qa.SeleniumSessions.WebDriverSessions" name="chromeBrowser" time="14.868"/>
  <testcase classname="com.qa.SeleniumSessions.WebDriverSessions" name="firefoxBrowser" time="10.550"/>
</testsuite> <!-- com.qa.SeleniumSessions.WebDriverSessions -->
