<?xml version="1.0" encoding="UTF-8"?>
<!-- Generated by org.testng.reporters.JUnitReportReporter -->
<testsuite hostname="LT-BLIOTTA" failures="0" tests="1" name="com.qa.SeleniumSessions.NavigateScreenShot" time="7.848" errors="0" timestamp="17 Apr 2020 18:36:19 GMT" skipped="0">
  <testcase classname="com.qa.SeleniumSessions.NavigateScreenShot" name="getText" time="7.848"/>
</testsuite> <!-- com.qa.SeleniumSessions.NavigateScreenShot -->
