<?xml version="1.0" encoding="UTF-8"?>
<!-- Generated by org.testng.reporters.JUnitReportReporter -->
<testsuite hostname="LT-BLIOTTA" failures="0" tests="3" name="com.qa.SeleniumSessions.TestNGParallelFF" time="6.075" errors="0" timestamp="19 May 2020 18:29:35 GMT" skipped="0">
  <testcase classname="com.qa.SeleniumSessions.TestNGParallelFF" name="openChromeBrowser" time="1.308"/>
  <testcase classname="com.qa.SeleniumSessions.TestNGParallelFF" name="openFacebook" time="2.826"/>
  <testcase classname="com.qa.SeleniumSessions.TestNGParallelFF" name="openSeleniumBrowser" time="1.941"/>
</testsuite> <!-- com.qa.SeleniumSessions.TestNGParallelFF -->
