<?xml version="1.0" encoding="UTF-8"?>
<!-- Generated by org.testng.reporters.JUnitReportReporter -->
<testsuite hostname="LT-BLIOTTA" failures="0" tests="2" name="com.Core.qa.PaySpan.SmokeTest" time="0.011" errors="0" timestamp="25 May 2020 17:05:10 GMT" skipped="0">
  <testcase classname="com.Core.qa.PaySpan.SmokeTest" name="payerSmokeTest" time="0.007"/>
  <testcase classname="com.Core.qa.PaySpan.SmokeTest" name="providerSmokeTest" time="0.004"/>
</testsuite> <!-- com.Core.qa.PaySpan.SmokeTest -->
