<?xml version="1.0" encoding="UTF-8"?>
<!-- Generated by org.testng.reporters.JUnitReportReporter -->
<testsuite hostname="LT-BLIOTTA" failures="0" tests="3" name="com.qa.SeleniumSessions.BootStrapDropDown" time="3.609" errors="0" timestamp="01 May 2020 14:58:53 GMT" skipped="0">
  <testcase classname="com.qa.SeleniumSessions.BootStrapDropDown" name="dropDownButtonTwo" time="0.655"/>
  <testcase classname="com.qa.SeleniumSessions.BootStrapDropDown" name="dropDownButtonThree" time="2.027"/>
  <testcase classname="com.qa.SeleniumSessions.BootStrapDropDown" name="signIn" time="0.927"/>
</testsuite> <!-- com.qa.SeleniumSessions.BootStrapDropDown -->
