<?xml version="1.0" encoding="UTF-8"?>
<!-- Generated by org.testng.reporters.JUnitReportReporter -->
<testsuite hostname="LT-BLIOTTA" failures="0" tests="1" name="com.qa.SeleniumSessions.Calendar" time="13.901" errors="0" timestamp="30 Apr 2020 15:49:33 GMT" skipped="0">
  <testcase classname="com.qa.SeleniumSessions.Calendar" name="datePickerTest" time="13.901"/>
</testsuite> <!-- com.qa.SeleniumSessions.Calendar -->
