<?xml version="1.0" encoding="UTF-8"?>
<!-- Generated by org.testng.reporters.JUnitReportReporter -->
<testsuite hostname="LT-BLIOTTA" failures="0" tests="1" name="com.qa.SeleniumSessions.DownloadFile" time="10.448" errors="0" timestamp="30 Jun 2020 19:48:10 GMT" skipped="0">
  <testcase classname="com.qa.SeleniumSessions.DownloadFile" name="downLoadTest" time="10.448"/>
</testsuite> <!-- com.qa.SeleniumSessions.DownloadFile -->
